0 info it worked if it ends with ok
1 verbose cli [ '/usr/local/bin/node',
1 verbose cli   '/usr/local/bin/npm',
1 verbose cli   'run',
1 verbose cli   'coveralls' ]
2 info using npm@3.10.8
3 info using node@v6.9.1
4 verbose run-script [ 'precoveralls', 'coveralls', 'postcoveralls' ]
5 info lifecycle ai_challenge@~precoveralls: ai_challenge@
6 silly lifecycle ai_challenge@~precoveralls: no script for precoveralls, continuing
7 info lifecycle ai_challenge@~coveralls: ai_challenge@
8 verbose lifecycle ai_challenge@~coveralls: unsafe-perm in lifecycle true
9 verbose lifecycle ai_challenge@~coveralls: PATH: /usr/local/lib/node_modules/npm/bin/node-gyp-bin:/Users/gre9521/Desktop/ai-challenge/node_modules/.bin:/usr/local/bin:/usr/bin:/bin:/usr/sbin:/sbin:/usr/local/go/bin
10 verbose lifecycle ai_challenge@~coveralls: CWD: /Users/gre9521/Desktop/ai-challenge
11 silly lifecycle ai_challenge@~coveralls: Args: [ '-c',
11 silly lifecycle   'cat ./coverage/lcov.info | ./node_modules/.bin/coveralls' ]
12 silly lifecycle ai_challenge@~coveralls: Returned: code: 1  signal: null
13 info lifecycle ai_challenge@~coveralls: Failed to exec coveralls script
14 verbose stack Error: ai_challenge@ coveralls: `cat ./coverage/lcov.info | ./node_modules/.bin/coveralls`
14 verbose stack Exit status 1
14 verbose stack     at EventEmitter.<anonymous> (/usr/local/lib/node_modules/npm/lib/utils/lifecycle.js:255:16)
14 verbose stack     at emitTwo (events.js:106:13)
14 verbose stack     at EventEmitter.emit (events.js:191:7)
14 verbose stack     at ChildProcess.<anonymous> (/usr/local/lib/node_modules/npm/lib/utils/spawn.js:40:14)
14 verbose stack     at emitTwo (events.js:106:13)
14 verbose stack     at ChildProcess.emit (events.js:191:7)
14 verbose stack     at maybeClose (internal/child_process.js:877:16)
14 verbose stack     at Process.ChildProcess._handle.onexit (internal/child_process.js:226:5)
15 verbose pkgid ai_challenge@
16 verbose cwd /Users/gre9521/Desktop/ai-challenge
17 error Darwin 15.6.0
18 error argv "/usr/local/bin/node" "/usr/local/bin/npm" "run" "coveralls"
19 error node v6.9.1
20 error npm  v3.10.8
21 error code ELIFECYCLE
22 error ai_challenge@ coveralls: `cat ./coverage/lcov.info | ./node_modules/.bin/coveralls`
22 error Exit status 1
23 error Failed at the ai_challenge@ coveralls script 'cat ./coverage/lcov.info | ./node_modules/.bin/coveralls'.
23 error Make sure you have the latest version of node.js and npm installed.
23 error If you do, this is most likely a problem with the ai_challenge package,
23 error not with npm itself.
23 error Tell the author that this fails on your system:
23 error     cat ./coverage/lcov.info | ./node_modules/.bin/coveralls
23 error You can get information on how to open an issue for this project with:
23 error     npm bugs ai_challenge
23 error Or if that isn't available, you can get their info via:
23 error     npm owner ls ai_challenge
23 error There is likely additional logging output above.
24 verbose exit [ 1, true ]
